<?xml version="1.0" encoding="UTF-8"?>
<testExecutions version="1">
  <file path="C:\Users\qfillion\marvel-app5\src\api\characters-api.test.js">
    <testCase name="getCharacters should return the list of characters" duration="12"/>
    <testCase name="getCharacterById should return the correct character when a valid ID is provided" duration="0"/>
    <testCase name="getCharacterById should throw an error when an invalid ID is provided" duration="14"/>
  </file>
</testExecutions>