<?xml version="1.0" encoding="UTF-8"?>
<testExecutions version="1">
  <file path="C:\Users\qfillion\marvel-app5\e2e-tests\marvel.spec.js">
  </file>
</testExecutions>